<?xml version="1.0" encoding="UTF-8"?>
<!-- Generated by org.testng.reporters.JUnitReportReporter -->
<testsuite hostname="L7KM63J3" failures="0" tests="1" name="Demo" time="21.124" errors="0" timestamp="2023-08-13T22:51:22 IST" skipped="0">
  <testcase classname="Demo" name="verifyDragandDrop" time="21.124"/>
  <system-out/>
</testsuite> <!-- Demo -->
